{
  "uid" : "3de4274c0b107469",
  "name" : "test_filter_characters_daze",
  "fullName" : "tests.test_search_page.TestFilterCharactersByAbilityClasses#test_filter_characters_daze",
  "historyId" : "1706ce4dee9096882a21e3000b5a5642",
  "time" : {
    "start" : 1723298546620,
    "stop" : 1723298546620,
    "duration" : 0
  },
  "status" : "skipped",
  "statusMessage" : "Skipped: Tests not ready yet",
  "statusTrace" : "('/swgoh_test_project/tests/test_search_page.py', 492, 'Skipped: Tests not ready yet')",
  "flaky" : false,
  "newFailed" : false,
  "beforeStages" : [ ],
  "afterStages" : [ ],
  "labels" : [ {
    "name" : "feature",
    "value" : "Filtering Characters"
  }, {
    "name" : "story",
    "value" : "Filtering by Ability Classes"
  }, {
    "name" : "tag",
    "value" : "@pytest.mark.skip(reason='Tests not ready yet')"
  }, {
    "name" : "parentSuite",
    "value" : "tests"
  }, {
    "name" : "suite",
    "value" : "test_search_page"
  }, {
    "name" : "subSuite",
    "value" : "TestFilterCharactersByAbilityClasses"
  }, {
    "name" : "host",
    "value" : "0f9cf34b9baf"
  }, {
    "name" : "thread",
    "value" : "1-MainThread"
  }, {
    "name" : "framework",
    "value" : "pytest"
  }, {
    "name" : "language",
    "value" : "cpython3"
  }, {
    "name" : "package",
    "value" : "tests.test_search_page"
  }, {
    "name" : "resultFormat",
    "value" : "allure2"
  } ],
  "parameters" : [ ],
  "links" : [ ],
  "hidden" : false,
  "retry" : false,
  "extra" : {
    "severity" : "normal",
    "retries" : [ ],
    "categories" : [ ],
    "history" : {
      "statistic" : {
        "failed" : 0,
        "broken" : 3,
        "skipped" : 3,
        "passed" : 1,
        "unknown" : 0,
        "total" : 7
      },
      "items" : [ {
        "uid" : "24aaf90f8f3d7d27",
        "status" : "skipped",
        "statusDetails" : "Skipped: Tests not ready yet",
        "time" : {
          "start" : 1723223735429,
          "stop" : 1723223735429,
          "duration" : 0
        }
      }, {
        "uid" : "3ddf1964ccd9decf",
        "status" : "skipped",
        "statusDetails" : "Skipped: Tests not ready yet",
        "time" : {
          "start" : 1723045683410,
          "stop" : 1723045683410,
          "duration" : 0
        }
      }, {
        "uid" : "a2e124832f2c9cc2",
        "status" : "broken",
        "statusDetails" : "selenium.common.exceptions.NoSuchElementException: Message: no such element: Unable to locate element: {\"method\":\"css selector\",\"selector\":\"[id=\"cmpwrapper\"]\"}\n  (Session info: headless chrome=112.0.5615.165); For documentation on this error, please visit: https://www.selenium.dev/documentation/webdriver/troubleshooting/errors#no-such-element-exception",
        "time" : {
          "start" : 1722958763265,
          "stop" : 1722958776709,
          "duration" : 13444
        }
      }, {
        "uid" : "aa66fbe94624054f",
        "status" : "passed",
        "time" : {
          "start" : 1722879641960,
          "stop" : 1722879744208,
          "duration" : 102248
        }
      }, {
        "uid" : "46bcb246343bd375",
        "status" : "broken",
        "statusDetails" : "selenium.common.exceptions.WebDriverException: Message: unknown error: cannot determine loading status\nfrom no such window\n  (Session info: headless chrome=112.0.5615.165)",
        "time" : {
          "start" : 1722839521318,
          "stop" : 1722839538278,
          "duration" : 16960
        }
      }, {
        "uid" : "19f409f0c19bb514",
        "status" : "broken",
        "statusDetails" : "selenium.common.exceptions.WebDriverException: Message: unknown error: cannot determine loading status\nfrom no such window\n  (Session info: headless chrome=112.0.5615.165)",
        "time" : {
          "start" : 1722535855985,
          "stop" : 1722535892622,
          "duration" : 36637
        }
      } ]
    },
    "tags" : [ "@pytest.mark.skip(reason='Tests not ready yet')" ]
  },
  "source" : "3de4274c0b107469.json",
  "parameterValues" : [ ]
}