{
  "uid" : "406e11156d1446cd",
  "name" : "test_filter_characters_rebel",
  "fullName" : "tests.test_search_page.TestFilterCharactersByCategory#test_filter_characters_rebel",
  "historyId" : "bf802dfd4452606713c174d2f357c203",
  "time" : {
    "start" : 1716999827877,
    "stop" : 1716999830343,
    "duration" : 2466
  },
  "status" : "failed",
  "statusMessage" : "AssertionError: One or more characters does not have tag: Rebel",
  "statusTrace" : "self = <test_search_page.TestFilterCharactersByCategory object at 0x7efde3e91dc0>\ndriver = <selenium.webdriver.chrome.webdriver.WebDriver (session=\"84e16be515aa6479ffdcd7be1a726823\")>\ncategory_filter = ['501st', 'Attacker', 'Bad Batch', 'Bounty Hunter', 'Clone Trooper', 'Droid', ...]\n\n    def test_filter_characters_rebel(self, driver, category_filter):\n        search_page = SearchPage(driver)\n        search_page.open_page()\n        search_page.click_filters_button()\n        search_page.click_on_a_specific_filter(loc.filter_loc_Rebel)\n>       assert search_page.check_filtered_characters_is_valid(category_filter[26]) == 1\n\ntests/test_search_page.py:196: \n_ _ _ _ _ _ _ _ _ _ _ _ _ _ _ _ _ _ _ _ _ _ _ _ _ _ _ _ _ _ _ _ _ _ _ _ _ _ _ _ \n\nself = <pages.searching_page.SearchPage object at 0x7efde496ae10>\nfilter_name = 'Rebel'\n\n    def check_filtered_characters_is_valid(self, filter_name):\n        with allure.step(\"Проверяем, что отфильтрованные персонажи валидны\"):\n            result_of_finding = self.find_all(loc.filtered_characters_loc)\n            filtered_chars = list()\n            for i in result_of_finding:\n                filtered_chars.append(i.text)\n            result_of_searching = len(filtered_chars)\n            result_after_filtering = list(filter(lambda x: f'{filter_name}' in x, filtered_chars))\n            print(\"result_of_searching=\"f'{result_of_searching}')\n            print(\"result_after_filtering=\"f'{len(result_after_filtering)}')\n            ans = 1 if result_of_searching == len(result_after_filtering) else 0\n            if ans == 0:\n>               raise AssertionError(f'One or more characters does not have tag: {filter_name}')\nE               AssertionError: One or more characters does not have tag: Rebel\n\npages/searching_page.py:36: AssertionError",
  "flaky" : false,
  "newFailed" : false,
  "beforeStages" : [ {
    "name" : "category_filter",
    "time" : {
      "start" : 1716999781434,
      "stop" : 1716999782475,
      "duration" : 1041
    },
    "status" : "passed",
    "steps" : [ ],
    "attachments" : [ ],
    "parameters" : [ ],
    "attachmentsCount" : 0,
    "shouldDisplayMessage" : false,
    "stepsCount" : 0,
    "hasContent" : false
  }, {
    "name" : "driver",
    "time" : {
      "start" : 1716999766809,
      "stop" : 1716999767329,
      "duration" : 520
    },
    "status" : "passed",
    "steps" : [ ],
    "attachments" : [ ],
    "parameters" : [ ],
    "attachmentsCount" : 0,
    "shouldDisplayMessage" : false,
    "stepsCount" : 0,
    "hasContent" : false
  }, {
    "name" : "accept_cookies",
    "time" : {
      "start" : 1716999767329,
      "stop" : 1716999781434,
      "duration" : 14105
    },
    "status" : "passed",
    "steps" : [ ],
    "attachments" : [ ],
    "parameters" : [ ],
    "attachmentsCount" : 0,
    "shouldDisplayMessage" : false,
    "stepsCount" : 0,
    "hasContent" : false
  } ],
  "testStage" : {
    "status" : "failed",
    "statusMessage" : "AssertionError: One or more characters does not have tag: Rebel",
    "statusTrace" : "self = <test_search_page.TestFilterCharactersByCategory object at 0x7efde3e91dc0>\ndriver = <selenium.webdriver.chrome.webdriver.WebDriver (session=\"84e16be515aa6479ffdcd7be1a726823\")>\ncategory_filter = ['501st', 'Attacker', 'Bad Batch', 'Bounty Hunter', 'Clone Trooper', 'Droid', ...]\n\n    def test_filter_characters_rebel(self, driver, category_filter):\n        search_page = SearchPage(driver)\n        search_page.open_page()\n        search_page.click_filters_button()\n        search_page.click_on_a_specific_filter(loc.filter_loc_Rebel)\n>       assert search_page.check_filtered_characters_is_valid(category_filter[26]) == 1\n\ntests/test_search_page.py:196: \n_ _ _ _ _ _ _ _ _ _ _ _ _ _ _ _ _ _ _ _ _ _ _ _ _ _ _ _ _ _ _ _ _ _ _ _ _ _ _ _ \n\nself = <pages.searching_page.SearchPage object at 0x7efde496ae10>\nfilter_name = 'Rebel'\n\n    def check_filtered_characters_is_valid(self, filter_name):\n        with allure.step(\"Проверяем, что отфильтрованные персонажи валидны\"):\n            result_of_finding = self.find_all(loc.filtered_characters_loc)\n            filtered_chars = list()\n            for i in result_of_finding:\n                filtered_chars.append(i.text)\n            result_of_searching = len(filtered_chars)\n            result_after_filtering = list(filter(lambda x: f'{filter_name}' in x, filtered_chars))\n            print(\"result_of_searching=\"f'{result_of_searching}')\n            print(\"result_after_filtering=\"f'{len(result_after_filtering)}')\n            ans = 1 if result_of_searching == len(result_after_filtering) else 0\n            if ans == 0:\n>               raise AssertionError(f'One or more characters does not have tag: {filter_name}')\nE               AssertionError: One or more characters does not have tag: Rebel\n\npages/searching_page.py:36: AssertionError",
    "steps" : [ {
      "name" : "Open Page",
      "time" : {
        "start" : 1716999827877,
        "stop" : 1716999828498,
        "duration" : 621
      },
      "status" : "passed",
      "steps" : [ ],
      "attachments" : [ ],
      "parameters" : [ ],
      "attachmentsCount" : 0,
      "shouldDisplayMessage" : false,
      "stepsCount" : 0,
      "hasContent" : false
    }, {
      "name" : "Кликаем на кнопку выбора фильтров",
      "time" : {
        "start" : 1716999828498,
        "stop" : 1716999828557,
        "duration" : 59
      },
      "status" : "passed",
      "steps" : [ ],
      "attachments" : [ ],
      "parameters" : [ ],
      "attachmentsCount" : 0,
      "shouldDisplayMessage" : false,
      "stepsCount" : 0,
      "hasContent" : false
    }, {
      "name" : "Выбираем фильтр 'Rebel'",
      "time" : {
        "start" : 1716999828557,
        "stop" : 1716999828962,
        "duration" : 405
      },
      "status" : "passed",
      "steps" : [ ],
      "attachments" : [ ],
      "parameters" : [ ],
      "attachmentsCount" : 0,
      "shouldDisplayMessage" : false,
      "stepsCount" : 0,
      "hasContent" : false
    }, {
      "name" : "Проверяем, что отфильтрованные персонажи валидны",
      "time" : {
        "start" : 1716999828963,
        "stop" : 1716999830343,
        "duration" : 1380
      },
      "status" : "failed",
      "statusMessage" : "AssertionError: One or more characters does not have tag: Rebel\n",
      "statusTrace" : "  File \"/swgoh_test_project/pages/searching_page.py\", line 36, in check_filtered_characters_is_valid\n    raise AssertionError(f'One or more characters does not have tag: {filter_name}')\n",
      "steps" : [ ],
      "attachments" : [ ],
      "parameters" : [ ],
      "attachmentsCount" : 0,
      "shouldDisplayMessage" : true,
      "stepsCount" : 0,
      "hasContent" : true
    } ],
    "attachments" : [ {
      "uid" : "411851404b039ef0",
      "name" : "stdout",
      "source" : "411851404b039ef0.txt",
      "type" : "text/plain",
      "size" : 49
    } ],
    "parameters" : [ ],
    "attachmentsCount" : 1,
    "shouldDisplayMessage" : true,
    "stepsCount" : 4,
    "hasContent" : true
  },
  "afterStages" : [ {
    "name" : "driver::0",
    "time" : {
      "start" : 1716999855310,
      "stop" : 1716999855427,
      "duration" : 117
    },
    "status" : "passed",
    "steps" : [ ],
    "attachments" : [ ],
    "parameters" : [ ],
    "attachmentsCount" : 0,
    "shouldDisplayMessage" : false,
    "stepsCount" : 0,
    "hasContent" : false
  }, {
    "name" : "accept_cookies::0",
    "time" : {
      "start" : 1716999855309,
      "stop" : 1716999855309,
      "duration" : 0
    },
    "status" : "passed",
    "steps" : [ ],
    "attachments" : [ ],
    "parameters" : [ ],
    "attachmentsCount" : 0,
    "shouldDisplayMessage" : false,
    "stepsCount" : 0,
    "hasContent" : false
  } ],
  "labels" : [ {
    "name" : "story",
    "value" : "Filtering by category"
  }, {
    "name" : "feature",
    "value" : "Filtering Characters"
  }, {
    "name" : "parentSuite",
    "value" : "tests"
  }, {
    "name" : "suite",
    "value" : "test_search_page"
  }, {
    "name" : "subSuite",
    "value" : "TestFilterCharactersByCategory"
  }, {
    "name" : "host",
    "value" : "9513b129028f"
  }, {
    "name" : "thread",
    "value" : "1-MainThread"
  }, {
    "name" : "framework",
    "value" : "pytest"
  }, {
    "name" : "language",
    "value" : "cpython3"
  }, {
    "name" : "package",
    "value" : "tests.test_search_page"
  }, {
    "name" : "resultFormat",
    "value" : "allure2"
  } ],
  "parameters" : [ ],
  "links" : [ ],
  "hidden" : false,
  "retry" : false,
  "extra" : {
    "severity" : "normal",
    "retries" : [ ],
    "categories" : [ {
      "name" : "Product defects",
      "matchedStatuses" : [ ],
      "flaky" : false
    } ],
    "history" : {
      "statistic" : {
        "failed" : 3,
        "broken" : 0,
        "skipped" : 0,
        "passed" : 0,
        "unknown" : 0,
        "total" : 3
      },
      "items" : [ {
        "uid" : "f2b662c7e692bfbb",
        "status" : "failed",
        "statusDetails" : "AssertionError: One or more characters does not have tag: Rebel",
        "time" : {
          "start" : 1716028123216,
          "stop" : 1716028125228,
          "duration" : 2012
        }
      }, {
        "uid" : "db0ae3e7f8695368",
        "status" : "failed",
        "statusDetails" : "AssertionError: One or more characters does not have tag: Rebel",
        "time" : {
          "start" : 1715533528500,
          "stop" : 1715533531185,
          "duration" : 2685
        }
      } ]
    },
    "tags" : [ ]
  },
  "source" : "406e11156d1446cd.json",
  "parameterValues" : [ ]
}