{
  "uid" : "684f8e24ebfe4186",
  "name" : "test_filter_characters_thermal_detonator",
  "fullName" : "tests.test_search_page.TestFilterCharactersByAbilityClasses#test_filter_characters_thermal_detonator",
  "historyId" : "c6d4f2ca17c5a0429bebb432129d003e",
  "time" : {
    "start" : 1723298546677,
    "stop" : 1723298546677,
    "duration" : 0
  },
  "status" : "skipped",
  "statusMessage" : "Skipped: Tests not ready yet",
  "statusTrace" : "('/swgoh_test_project/tests/test_search_page.py', 978, 'Skipped: Tests not ready yet')",
  "flaky" : false,
  "newFailed" : false,
  "beforeStages" : [ ],
  "afterStages" : [ ],
  "labels" : [ {
    "name" : "feature",
    "value" : "Filtering Characters"
  }, {
    "name" : "story",
    "value" : "Filtering by Ability Classes"
  }, {
    "name" : "tag",
    "value" : "@pytest.mark.skip(reason='Tests not ready yet')"
  }, {
    "name" : "parentSuite",
    "value" : "tests"
  }, {
    "name" : "suite",
    "value" : "test_search_page"
  }, {
    "name" : "subSuite",
    "value" : "TestFilterCharactersByAbilityClasses"
  }, {
    "name" : "host",
    "value" : "0f9cf34b9baf"
  }, {
    "name" : "thread",
    "value" : "1-MainThread"
  }, {
    "name" : "framework",
    "value" : "pytest"
  }, {
    "name" : "language",
    "value" : "cpython3"
  }, {
    "name" : "package",
    "value" : "tests.test_search_page"
  }, {
    "name" : "resultFormat",
    "value" : "allure2"
  } ],
  "parameters" : [ ],
  "links" : [ ],
  "hidden" : false,
  "retry" : false,
  "extra" : {
    "severity" : "normal",
    "retries" : [ ],
    "categories" : [ ],
    "history" : {
      "statistic" : {
        "failed" : 0,
        "broken" : 2,
        "skipped" : 3,
        "passed" : 2,
        "unknown" : 0,
        "total" : 7
      },
      "items" : [ {
        "uid" : "e14945a960d9ed38",
        "status" : "skipped",
        "statusDetails" : "Skipped: Tests not ready yet",
        "time" : {
          "start" : 1723223735487,
          "stop" : 1723223735487,
          "duration" : 0
        }
      }, {
        "uid" : "cd70511737f4c1e8",
        "status" : "skipped",
        "statusDetails" : "Skipped: Tests not ready yet",
        "time" : {
          "start" : 1723045683468,
          "stop" : 1723045683468,
          "duration" : 0
        }
      }, {
        "uid" : "f04d5f33d824dc88",
        "status" : "broken",
        "statusDetails" : "selenium.common.exceptions.NoSuchElementException: Message: no such element: Unable to locate element: {\"method\":\"css selector\",\"selector\":\"[id=\"cmpwrapper\"]\"}\n  (Session info: headless chrome=112.0.5615.165); For documentation on this error, please visit: https://www.selenium.dev/documentation/webdriver/troubleshooting/errors#no-such-element-exception",
        "time" : {
          "start" : 1722959581544,
          "stop" : 1722959594859,
          "duration" : 13315
        }
      }, {
        "uid" : "f7e812a24775e506",
        "status" : "passed",
        "time" : {
          "start" : 1722883056969,
          "stop" : 1722883093422,
          "duration" : 36453
        }
      }, {
        "uid" : "205f029bfd0fff44",
        "status" : "passed",
        "time" : {
          "start" : 1722841217079,
          "stop" : 1722841252220,
          "duration" : 35141
        }
      }, {
        "uid" : "a738b7f67985b8c7",
        "status" : "broken",
        "statusDetails" : "selenium.common.exceptions.WebDriverException: Message: unknown error: cannot determine loading status\nfrom no such window\n  (Session info: headless chrome=112.0.5615.165)",
        "time" : {
          "start" : 1722537788570,
          "stop" : 1722537819017,
          "duration" : 30447
        }
      } ]
    },
    "tags" : [ "@pytest.mark.skip(reason='Tests not ready yet')" ]
  },
  "source" : "684f8e24ebfe4186.json",
  "parameterValues" : [ ]
}