{
  "uid" : "83804a423dddd711",
  "name" : "test_filter_characters_deathmark",
  "fullName" : "tests.test_search_page.TestFilterCharactersByAbilityClasses#test_filter_characters_deathmark",
  "historyId" : "a03599a701df93139ee75bb10e0710ec",
  "time" : {
    "start" : 1723223735430,
    "stop" : 1723223735430,
    "duration" : 0
  },
  "status" : "skipped",
  "statusMessage" : "Skipped: Tests not ready yet",
  "statusTrace" : "('/swgoh_test_project/tests/test_search_page.py', 501, 'Skipped: Tests not ready yet')",
  "flaky" : false,
  "newFailed" : false,
  "beforeStages" : [ ],
  "afterStages" : [ ],
  "labels" : [ {
    "name" : "story",
    "value" : "Filtering by Ability Classes"
  }, {
    "name" : "feature",
    "value" : "Filtering Characters"
  }, {
    "name" : "tag",
    "value" : "@pytest.mark.skip(reason='Tests not ready yet')"
  }, {
    "name" : "parentSuite",
    "value" : "tests"
  }, {
    "name" : "suite",
    "value" : "test_search_page"
  }, {
    "name" : "subSuite",
    "value" : "TestFilterCharactersByAbilityClasses"
  }, {
    "name" : "host",
    "value" : "057dc02cacd3"
  }, {
    "name" : "thread",
    "value" : "1-MainThread"
  }, {
    "name" : "framework",
    "value" : "pytest"
  }, {
    "name" : "language",
    "value" : "cpython3"
  }, {
    "name" : "package",
    "value" : "tests.test_search_page"
  }, {
    "name" : "resultFormat",
    "value" : "allure2"
  } ],
  "parameters" : [ ],
  "links" : [ ],
  "hidden" : false,
  "retry" : false,
  "extra" : {
    "severity" : "normal",
    "retries" : [ ],
    "categories" : [ ],
    "history" : {
      "statistic" : {
        "failed" : 0,
        "broken" : 2,
        "skipped" : 2,
        "passed" : 2,
        "unknown" : 0,
        "total" : 6
      },
      "items" : [ {
        "uid" : "d3af5d4a463f1368",
        "status" : "skipped",
        "statusDetails" : "Skipped: Tests not ready yet",
        "time" : {
          "start" : 1723045683411,
          "stop" : 1723045683411,
          "duration" : 0
        }
      }, {
        "uid" : "b828fd589bfd7add",
        "status" : "broken",
        "statusDetails" : "selenium.common.exceptions.NoSuchElementException: Message: no such element: Unable to locate element: {\"method\":\"css selector\",\"selector\":\"[id=\"cmpwrapper\"]\"}\n  (Session info: headless chrome=112.0.5615.165); For documentation on this error, please visit: https://www.selenium.dev/documentation/webdriver/troubleshooting/errors#no-such-element-exception",
        "time" : {
          "start" : 1722958777275,
          "stop" : 1722958790849,
          "duration" : 13574
        }
      }, {
        "uid" : "da063c65733f1d7b",
        "status" : "broken",
        "statusDetails" : "selenium.common.exceptions.WebDriverException: Message: unknown error: cannot determine loading status\nfrom unknown error: cannot determine loading status\nfrom no such window\n  (Session info: headless chrome=112.0.5615.165)",
        "time" : {
          "start" : 1722879744777,
          "stop" : 1722879764123,
          "duration" : 19346
        }
      }, {
        "uid" : "78245080fbf24ebf",
        "status" : "passed",
        "time" : {
          "start" : 1722839538846,
          "stop" : 1722839564556,
          "duration" : 25710
        }
      }, {
        "uid" : "1cc0644e56c25c70",
        "status" : "passed",
        "time" : {
          "start" : 1722535893192,
          "stop" : 1722535919159,
          "duration" : 25967
        }
      } ]
    },
    "tags" : [ "@pytest.mark.skip(reason='Tests not ready yet')" ]
  },
  "source" : "83804a423dddd711.json",
  "parameterValues" : [ ]
}