{
  "uid" : "89db773d761d4365",
  "name" : "test_filter_characters_ability_block",
  "fullName" : "tests.test_search_page.TestFilterCharactersByAbilityClasses#test_filter_characters_ability_block",
  "historyId" : "6b51893147c1236333c3605afdac3ddb",
  "time" : {
    "start" : 1723223735407,
    "stop" : 1723223735407,
    "duration" : 0
  },
  "status" : "skipped",
  "statusMessage" : "Skipped: Tests not ready yet",
  "statusTrace" : "('/swgoh_test_project/tests/test_search_page.py', 321, 'Skipped: Tests not ready yet')",
  "flaky" : false,
  "newFailed" : false,
  "beforeStages" : [ ],
  "afterStages" : [ ],
  "labels" : [ {
    "name" : "story",
    "value" : "Filtering by Ability Classes"
  }, {
    "name" : "feature",
    "value" : "Filtering Characters"
  }, {
    "name" : "tag",
    "value" : "@pytest.mark.skip(reason='Tests not ready yet')"
  }, {
    "name" : "parentSuite",
    "value" : "tests"
  }, {
    "name" : "suite",
    "value" : "test_search_page"
  }, {
    "name" : "subSuite",
    "value" : "TestFilterCharactersByAbilityClasses"
  }, {
    "name" : "host",
    "value" : "057dc02cacd3"
  }, {
    "name" : "thread",
    "value" : "1-MainThread"
  }, {
    "name" : "framework",
    "value" : "pytest"
  }, {
    "name" : "language",
    "value" : "cpython3"
  }, {
    "name" : "package",
    "value" : "tests.test_search_page"
  }, {
    "name" : "resultFormat",
    "value" : "allure2"
  } ],
  "parameters" : [ ],
  "links" : [ ],
  "hidden" : false,
  "retry" : false,
  "extra" : {
    "severity" : "normal",
    "retries" : [ ],
    "categories" : [ ],
    "history" : {
      "statistic" : {
        "failed" : 0,
        "broken" : 3,
        "skipped" : 2,
        "passed" : 4,
        "unknown" : 0,
        "total" : 9
      },
      "items" : [ {
        "uid" : "3c4e931623de57e3",
        "status" : "skipped",
        "statusDetails" : "Skipped: Tests not ready yet",
        "time" : {
          "start" : 1723045683389,
          "stop" : 1723045683389,
          "duration" : 0
        }
      }, {
        "uid" : "18033d4d1468f33a",
        "status" : "broken",
        "statusDetails" : "selenium.common.exceptions.NoSuchElementException: Message: no such element: Unable to locate element: {\"method\":\"css selector\",\"selector\":\"[id=\"cmpwrapper\"]\"}\n  (Session info: headless chrome=112.0.5615.165); For documentation on this error, please visit: https://www.selenium.dev/documentation/webdriver/troubleshooting/errors#no-such-element-exception",
        "time" : {
          "start" : 1722958478077,
          "stop" : 1722958492135,
          "duration" : 14058
        }
      }, {
        "uid" : "9df7ff62be6c4ed0",
        "status" : "passed",
        "time" : {
          "start" : 1722878635903,
          "stop" : 1722878730765,
          "duration" : 94862
        }
      }, {
        "uid" : "c3ef1d1ab7aeccd",
        "status" : "broken",
        "statusDetails" : "selenium.common.exceptions.WebDriverException: Message: unknown error: cannot determine loading status\nfrom no such window\n  (Session info: headless chrome=112.0.5615.165)",
        "time" : {
          "start" : 1722838943946,
          "stop" : 1722838968684,
          "duration" : 24738
        }
      }, {
        "uid" : "50e49a3822ce235c",
        "status" : "broken",
        "statusDetails" : "selenium.common.exceptions.WebDriverException: Message: unknown error: cannot determine loading status\nfrom unknown error: cannot determine loading status\nfrom no such window\n  (Session info: headless chrome=112.0.5615.165)",
        "time" : {
          "start" : 1722535173108,
          "stop" : 1722535192714,
          "duration" : 19606
        }
      }, {
        "uid" : "ecdba6f5a0dc7885",
        "status" : "passed",
        "time" : {
          "start" : 1716999897850,
          "stop" : 1716999951652,
          "duration" : 53802
        }
      }, {
        "uid" : "88a4b2033cf7057",
        "status" : "passed",
        "time" : {
          "start" : 1716028194784,
          "stop" : 1716028248429,
          "duration" : 53645
        }
      }, {
        "uid" : "729e3cc09b88289b",
        "status" : "passed",
        "time" : {
          "start" : 1715533598906,
          "stop" : 1715533666070,
          "duration" : 67164
        }
      } ]
    },
    "tags" : [ "@pytest.mark.skip(reason='Tests not ready yet')" ]
  },
  "source" : "89db773d761d4365.json",
  "parameterValues" : [ ]
}