{
  "uid" : "9d70bac74c3c8064",
  "name" : "test_filter_characters_fear",
  "fullName" : "tests.test_search_page.TestFilterCharactersByAbilityClasses#test_filter_characters_fear",
  "historyId" : "a587194840291dd0a35d932e23c7d9df",
  "time" : {
    "start" : 1723045683423,
    "stop" : 1723045683423,
    "duration" : 0
  },
  "status" : "skipped",
  "statusMessage" : "Skipped: Tests not ready yet",
  "statusTrace" : "('/swgoh_test_project/tests/test_search_page.py', 600, 'Skipped: Tests not ready yet')",
  "flaky" : false,
  "newFailed" : false,
  "beforeStages" : [ ],
  "afterStages" : [ ],
  "labels" : [ {
    "name" : "story",
    "value" : "Filtering by Ability Classes"
  }, {
    "name" : "feature",
    "value" : "Filtering Characters"
  }, {
    "name" : "tag",
    "value" : "@pytest.mark.skip(reason='Tests not ready yet')"
  }, {
    "name" : "parentSuite",
    "value" : "tests"
  }, {
    "name" : "suite",
    "value" : "test_search_page"
  }, {
    "name" : "subSuite",
    "value" : "TestFilterCharactersByAbilityClasses"
  }, {
    "name" : "host",
    "value" : "504dbeb3d43f"
  }, {
    "name" : "thread",
    "value" : "1-MainThread"
  }, {
    "name" : "framework",
    "value" : "pytest"
  }, {
    "name" : "language",
    "value" : "cpython3"
  }, {
    "name" : "package",
    "value" : "tests.test_search_page"
  }, {
    "name" : "resultFormat",
    "value" : "allure2"
  } ],
  "parameters" : [ ],
  "links" : [ ],
  "hidden" : false,
  "retry" : false,
  "extra" : {
    "severity" : "normal",
    "retries" : [ ],
    "categories" : [ ],
    "history" : {
      "statistic" : {
        "failed" : 0,
        "broken" : 3,
        "skipped" : 1,
        "passed" : 1,
        "unknown" : 0,
        "total" : 5
      },
      "items" : [ {
        "uid" : "ff38b8c651f3da2c",
        "status" : "broken",
        "statusDetails" : "selenium.common.exceptions.NoSuchElementException: Message: no such element: Unable to locate element: {\"method\":\"css selector\",\"selector\":\"[id=\"cmpwrapper\"]\"}\n  (Session info: headless chrome=112.0.5615.165); For documentation on this error, please visit: https://www.selenium.dev/documentation/webdriver/troubleshooting/errors#no-such-element-exception",
        "time" : {
          "start" : 1722958953144,
          "stop" : 1722958966507,
          "duration" : 13363
        }
      }, {
        "uid" : "4a105eafe8ecc117",
        "status" : "passed",
        "time" : {
          "start" : 1722880254092,
          "stop" : 1722880300395,
          "duration" : 46303
        }
      }, {
        "uid" : "7e388c6be29a56c3",
        "status" : "broken",
        "statusDetails" : "selenium.common.exceptions.WebDriverException: Message: unknown error: cannot determine loading status\nfrom no such window\n  (Session info: headless chrome=112.0.5615.165)",
        "time" : {
          "start" : 1722840017572,
          "stop" : 1722840036729,
          "duration" : 19157
        }
      }, {
        "uid" : "eca21a980ff7c592",
        "status" : "broken",
        "statusDetails" : "selenium.common.exceptions.WebDriverException: Message: unknown error: cannot determine loading status\nfrom no such window\n  (Session info: headless chrome=112.0.5615.165)",
        "time" : {
          "start" : 1722536180534,
          "stop" : 1722536201111,
          "duration" : 20577
        }
      } ]
    },
    "tags" : [ "@pytest.mark.skip(reason='Tests not ready yet')" ]
  },
  "source" : "9d70bac74c3c8064.json",
  "parameterValues" : [ ]
}