{
  "uid" : "a0a9f61c695e6070",
  "name" : "test_filter_characters_stun",
  "fullName" : "tests.test_search_page.TestFilterCharactersByAbilityClasses#test_filter_characters_stun",
  "historyId" : "843dc7063aeb31162fb02732b8310f00",
  "time" : {
    "start" : 1723223735482,
    "stop" : 1723223735482,
    "duration" : 0
  },
  "status" : "skipped",
  "statusMessage" : "Skipped: Tests not ready yet",
  "statusTrace" : "('/swgoh_test_project/tests/test_search_page.py', 933, 'Skipped: Tests not ready yet')",
  "flaky" : false,
  "newFailed" : false,
  "beforeStages" : [ ],
  "afterStages" : [ ],
  "labels" : [ {
    "name" : "story",
    "value" : "Filtering by Ability Classes"
  }, {
    "name" : "feature",
    "value" : "Filtering Characters"
  }, {
    "name" : "tag",
    "value" : "@pytest.mark.skip(reason='Tests not ready yet')"
  }, {
    "name" : "parentSuite",
    "value" : "tests"
  }, {
    "name" : "suite",
    "value" : "test_search_page"
  }, {
    "name" : "subSuite",
    "value" : "TestFilterCharactersByAbilityClasses"
  }, {
    "name" : "host",
    "value" : "057dc02cacd3"
  }, {
    "name" : "thread",
    "value" : "1-MainThread"
  }, {
    "name" : "framework",
    "value" : "pytest"
  }, {
    "name" : "language",
    "value" : "cpython3"
  }, {
    "name" : "package",
    "value" : "tests.test_search_page"
  }, {
    "name" : "resultFormat",
    "value" : "allure2"
  } ],
  "parameters" : [ ],
  "links" : [ ],
  "hidden" : false,
  "retry" : false,
  "extra" : {
    "severity" : "normal",
    "retries" : [ ],
    "categories" : [ ],
    "history" : {
      "statistic" : {
        "failed" : 0,
        "broken" : 4,
        "skipped" : 2,
        "passed" : 0,
        "unknown" : 0,
        "total" : 6
      },
      "items" : [ {
        "uid" : "e7f9d2544b5c30a5",
        "status" : "skipped",
        "statusDetails" : "Skipped: Tests not ready yet",
        "time" : {
          "start" : 1723045683463,
          "stop" : 1723045683463,
          "duration" : 0
        }
      }, {
        "uid" : "9de53772f628635b",
        "status" : "broken",
        "statusDetails" : "selenium.common.exceptions.NoSuchElementException: Message: no such element: Unable to locate element: {\"method\":\"css selector\",\"selector\":\"[id=\"cmpwrapper\"]\"}\n  (Session info: headless chrome=112.0.5615.165); For documentation on this error, please visit: https://www.selenium.dev/documentation/webdriver/troubleshooting/errors#no-such-element-exception",
        "time" : {
          "start" : 1722959508062,
          "stop" : 1722959521580,
          "duration" : 13518
        }
      }, {
        "uid" : "53dd79031d31d004",
        "status" : "broken",
        "statusDetails" : "selenium.common.exceptions.WebDriverException: Message: unknown error: cannot determine loading status\nfrom no such window\n  (Session info: headless chrome=112.0.5615.165)",
        "time" : {
          "start" : 1722882814649,
          "stop" : 1722882877241,
          "duration" : 62592
        }
      }, {
        "uid" : "5dc9afb5e0e90e18",
        "status" : "broken",
        "statusDetails" : "selenium.common.exceptions.WebDriverException: Message: unknown error: cannot determine loading status\nfrom no such window\n  (Session info: headless chrome=112.0.5615.165)",
        "time" : {
          "start" : 1722841088439,
          "stop" : 1722841111148,
          "duration" : 22709
        }
      }, {
        "uid" : "23a6343d39647df1",
        "status" : "broken",
        "statusDetails" : "selenium.common.exceptions.WebDriverException: Message: unknown error: cannot determine loading status\nfrom no such window\n  (Session info: headless chrome=112.0.5615.165)",
        "time" : {
          "start" : 1722537594421,
          "stop" : 1722537646655,
          "duration" : 52234
        }
      } ]
    },
    "tags" : [ "@pytest.mark.skip(reason='Tests not ready yet')" ]
  },
  "source" : "a0a9f61c695e6070.json",
  "parameterValues" : [ ]
}