{
  "uid" : "a64ad647ec785fbe",
  "name" : "test_filter_characters_damage_immunity",
  "fullName" : "tests.test_search_page.TestFilterCharactersByAbilityClasses#test_filter_characters_damage_immunity",
  "historyId" : "4f0e766bf880f391e49c65b222173258",
  "time" : {
    "start" : 1723223735428,
    "stop" : 1723223735428,
    "duration" : 0
  },
  "status" : "skipped",
  "statusMessage" : "Skipped: Tests not ready yet",
  "statusTrace" : "('/swgoh_test_project/tests/test_search_page.py', 483, 'Skipped: Tests not ready yet')",
  "flaky" : false,
  "newFailed" : false,
  "beforeStages" : [ ],
  "afterStages" : [ ],
  "labels" : [ {
    "name" : "story",
    "value" : "Filtering by Ability Classes"
  }, {
    "name" : "feature",
    "value" : "Filtering Characters"
  }, {
    "name" : "tag",
    "value" : "@pytest.mark.skip(reason='Tests not ready yet')"
  }, {
    "name" : "parentSuite",
    "value" : "tests"
  }, {
    "name" : "suite",
    "value" : "test_search_page"
  }, {
    "name" : "subSuite",
    "value" : "TestFilterCharactersByAbilityClasses"
  }, {
    "name" : "host",
    "value" : "057dc02cacd3"
  }, {
    "name" : "thread",
    "value" : "1-MainThread"
  }, {
    "name" : "framework",
    "value" : "pytest"
  }, {
    "name" : "language",
    "value" : "cpython3"
  }, {
    "name" : "package",
    "value" : "tests.test_search_page"
  }, {
    "name" : "resultFormat",
    "value" : "allure2"
  } ],
  "parameters" : [ ],
  "links" : [ ],
  "hidden" : false,
  "retry" : false,
  "extra" : {
    "severity" : "normal",
    "retries" : [ ],
    "categories" : [ ],
    "history" : {
      "statistic" : {
        "failed" : 0,
        "broken" : 3,
        "skipped" : 2,
        "passed" : 1,
        "unknown" : 0,
        "total" : 6
      },
      "items" : [ {
        "uid" : "2b26411baaa694d7",
        "status" : "skipped",
        "statusDetails" : "Skipped: Tests not ready yet",
        "time" : {
          "start" : 1723045683409,
          "stop" : 1723045683409,
          "duration" : 0
        }
      }, {
        "uid" : "8437dab88ccdbf16",
        "status" : "broken",
        "statusDetails" : "selenium.common.exceptions.NoSuchElementException: Message: no such element: Unable to locate element: {\"method\":\"css selector\",\"selector\":\"[id=\"cmpwrapper\"]\"}\n  (Session info: headless chrome=112.0.5615.165); For documentation on this error, please visit: https://www.selenium.dev/documentation/webdriver/troubleshooting/errors#no-such-element-exception",
        "time" : {
          "start" : 1722958746734,
          "stop" : 1722958762723,
          "duration" : 15989
        }
      }, {
        "uid" : "e533902d55bcfd41",
        "status" : "passed",
        "time" : {
          "start" : 1722879591176,
          "stop" : 1722879641426,
          "duration" : 50250
        }
      }, {
        "uid" : "14f4233cd15059b4",
        "status" : "broken",
        "statusDetails" : "selenium.common.exceptions.WebDriverException: Message: unknown error: cannot determine loading status\nfrom no such window\n  (Session info: headless chrome=112.0.5615.165)",
        "time" : {
          "start" : 1722839499213,
          "stop" : 1722839520752,
          "duration" : 21539
        }
      }, {
        "uid" : "ccdc8bda9eaf77a4",
        "status" : "broken",
        "statusDetails" : "selenium.common.exceptions.WebDriverException: Message: unknown error: cannot determine loading status\nfrom no such window\n  (Session info: headless chrome=112.0.5615.165)",
        "time" : {
          "start" : 1722535818775,
          "stop" : 1722535855400,
          "duration" : 36625
        }
      } ]
    },
    "tags" : [ "@pytest.mark.skip(reason='Tests not ready yet')" ]
  },
  "source" : "a64ad647ec785fbe.json",
  "parameterValues" : [ ]
}