{
  "uid" : "d593b4dfeb9e7c9c",
  "name" : "test_filter_characters_leader_health_up",
  "fullName" : "tests.test_search_page.TestFilterCharactersByAbilityClasses#test_filter_characters_leader_health_up",
  "historyId" : "90e7163df983e7985bbfc720430a36e1",
  "time" : {
    "start" : 1723356325533,
    "stop" : 1723356325533,
    "duration" : 0
  },
  "status" : "skipped",
  "statusMessage" : "Skipped: Tests not ready yet",
  "statusTrace" : "('/swgoh_test_project/tests/test_search_page.py', 771, 'Skipped: Tests not ready yet')",
  "flaky" : false,
  "newFailed" : false,
  "beforeStages" : [ ],
  "afterStages" : [ ],
  "labels" : [ {
    "name" : "feature",
    "value" : "Filtering Characters"
  }, {
    "name" : "story",
    "value" : "Filtering by Ability Classes"
  }, {
    "name" : "tag",
    "value" : "@pytest.mark.skip(reason='Tests not ready yet')"
  }, {
    "name" : "parentSuite",
    "value" : "tests"
  }, {
    "name" : "suite",
    "value" : "test_search_page"
  }, {
    "name" : "subSuite",
    "value" : "TestFilterCharactersByAbilityClasses"
  }, {
    "name" : "host",
    "value" : "8c5436b0663d"
  }, {
    "name" : "thread",
    "value" : "1-MainThread"
  }, {
    "name" : "framework",
    "value" : "pytest"
  }, {
    "name" : "language",
    "value" : "cpython3"
  }, {
    "name" : "package",
    "value" : "tests.test_search_page"
  }, {
    "name" : "resultFormat",
    "value" : "allure2"
  } ],
  "parameters" : [ ],
  "links" : [ ],
  "hidden" : false,
  "retry" : false,
  "extra" : {
    "severity" : "normal",
    "retries" : [ ],
    "categories" : [ ],
    "history" : {
      "statistic" : {
        "failed" : 0,
        "broken" : 3,
        "skipped" : 4,
        "passed" : 1,
        "unknown" : 0,
        "total" : 8
      },
      "items" : [ {
        "uid" : "a3f04dab21867f6b",
        "status" : "skipped",
        "statusDetails" : "Skipped: Tests not ready yet",
        "time" : {
          "start" : 1723298546653,
          "stop" : 1723298546653,
          "duration" : 0
        }
      }, {
        "uid" : "4d439608338631f6",
        "status" : "skipped",
        "statusDetails" : "Skipped: Tests not ready yet",
        "time" : {
          "start" : 1723223735462,
          "stop" : 1723223735462,
          "duration" : 0
        }
      }, {
        "uid" : "b3e6f00692e1bfb0",
        "status" : "skipped",
        "statusDetails" : "Skipped: Tests not ready yet",
        "time" : {
          "start" : 1723045683443,
          "stop" : 1723045683443,
          "duration" : 0
        }
      }, {
        "uid" : "8a54fc8a0092f0e8",
        "status" : "broken",
        "statusDetails" : "selenium.common.exceptions.NoSuchElementException: Message: no such element: Unable to locate element: {\"method\":\"css selector\",\"selector\":\"[id=\"cmpwrapper\"]\"}\n  (Session info: headless chrome=112.0.5615.165); For documentation on this error, please visit: https://www.selenium.dev/documentation/webdriver/troubleshooting/errors#no-such-element-exception",
        "time" : {
          "start" : 1722959239532,
          "stop" : 1722959254777,
          "duration" : 15245
        }
      }, {
        "uid" : "8f560edd3dfd7ed7",
        "status" : "passed",
        "time" : {
          "start" : 1722881691326,
          "stop" : 1722881722281,
          "duration" : 30955
        }
      }, {
        "uid" : "cdc53bf88310f7be",
        "status" : "broken",
        "statusDetails" : "selenium.common.exceptions.WebDriverException: Message: unknown error: cannot determine loading status\nfrom no such window\n  (Session info: headless chrome=112.0.5615.165)",
        "time" : {
          "start" : 1722840537028,
          "stop" : 1722840561966,
          "duration" : 24938
        }
      }, {
        "uid" : "ff8b64adbb3a91b4",
        "status" : "broken",
        "statusDetails" : "selenium.common.exceptions.WebDriverException: Message: unknown error: cannot determine loading status\nfrom no such window\n  (Session info: headless chrome=112.0.5615.165)",
        "time" : {
          "start" : 1722537076454,
          "stop" : 1722537098044,
          "duration" : 21590
        }
      } ]
    },
    "tags" : [ "@pytest.mark.skip(reason='Tests not ready yet')" ]
  },
  "source" : "d593b4dfeb9e7c9c.json",
  "parameterValues" : [ ]
}