{
  "uid" : "da4ace1abd5c088d",
  "name" : "test_filter_characters_critical_chance_down",
  "fullName" : "tests.test_search_page.TestFilterCharactersByAbilityClasses#test_filter_characters_critical_chance_down",
  "historyId" : "0f60576dc3fcb85119ce94f29e4f33cb",
  "time" : {
    "start" : 1723223735422,
    "stop" : 1723223735422,
    "duration" : 0
  },
  "status" : "skipped",
  "statusMessage" : "Skipped: Tests not ready yet",
  "statusTrace" : "('/swgoh_test_project/tests/test_search_page.py', 438, 'Skipped: Tests not ready yet')",
  "flaky" : false,
  "newFailed" : false,
  "beforeStages" : [ ],
  "afterStages" : [ ],
  "labels" : [ {
    "name" : "story",
    "value" : "Filtering by Ability Classes"
  }, {
    "name" : "feature",
    "value" : "Filtering Characters"
  }, {
    "name" : "tag",
    "value" : "@pytest.mark.skip(reason='Tests not ready yet')"
  }, {
    "name" : "parentSuite",
    "value" : "tests"
  }, {
    "name" : "suite",
    "value" : "test_search_page"
  }, {
    "name" : "subSuite",
    "value" : "TestFilterCharactersByAbilityClasses"
  }, {
    "name" : "host",
    "value" : "057dc02cacd3"
  }, {
    "name" : "thread",
    "value" : "1-MainThread"
  }, {
    "name" : "framework",
    "value" : "pytest"
  }, {
    "name" : "language",
    "value" : "cpython3"
  }, {
    "name" : "package",
    "value" : "tests.test_search_page"
  }, {
    "name" : "resultFormat",
    "value" : "allure2"
  } ],
  "parameters" : [ ],
  "links" : [ ],
  "hidden" : false,
  "retry" : false,
  "extra" : {
    "severity" : "normal",
    "retries" : [ ],
    "categories" : [ ],
    "history" : {
      "statistic" : {
        "failed" : 0,
        "broken" : 2,
        "skipped" : 2,
        "passed" : 2,
        "unknown" : 0,
        "total" : 6
      },
      "items" : [ {
        "uid" : "4bca3f2efae87993",
        "status" : "skipped",
        "statusDetails" : "Skipped: Tests not ready yet",
        "time" : {
          "start" : 1723045683404,
          "stop" : 1723045683404,
          "duration" : 0
        }
      }, {
        "uid" : "611e4030589cad22",
        "status" : "broken",
        "statusDetails" : "selenium.common.exceptions.NoSuchElementException: Message: no such element: Unable to locate element: {\"method\":\"css selector\",\"selector\":\"[id=\"cmpwrapper\"]\"}\n  (Session info: headless chrome=112.0.5615.165); For documentation on this error, please visit: https://www.selenium.dev/documentation/webdriver/troubleshooting/errors#no-such-element-exception",
        "time" : {
          "start" : 1722958673722,
          "stop" : 1722958691114,
          "duration" : 17392
        }
      }, {
        "uid" : "25f9077affbd8bc2",
        "status" : "passed",
        "time" : {
          "start" : 1722879383182,
          "stop" : 1722879413469,
          "duration" : 30287
        }
      }, {
        "uid" : "2372daf1bcd7c129",
        "status" : "broken",
        "statusDetails" : "selenium.common.exceptions.WebDriverException: Message: unknown error: cannot determine loading status\nfrom no such window\n  (Session info: headless chrome=112.0.5615.165)",
        "time" : {
          "start" : 1722839341423,
          "stop" : 1722839370036,
          "duration" : 28613
        }
      }, {
        "uid" : "ac6d07f12938745c",
        "status" : "passed",
        "time" : {
          "start" : 1722535660024,
          "stop" : 1722535688163,
          "duration" : 28139
        }
      } ]
    },
    "tags" : [ "@pytest.mark.skip(reason='Tests not ready yet')" ]
  },
  "source" : "da4ace1abd5c088d.json",
  "parameterValues" : [ ]
}