{
  "uid" : "e7a851964e14e5f5",
  "name" : "test_filter_characters_bounty_hunter",
  "fullName" : "tests.test_search_page.TestFilterCharactersByCategory#test_filter_characters_bounty_hunter",
  "historyId" : "7d66602ea9bd3d44930f06e299aa2fad",
  "time" : {
    "start" : 1716999789116,
    "stop" : 1716999791023,
    "duration" : 1907
  },
  "status" : "failed",
  "statusMessage" : "AssertionError: One or more characters does not have tag: Bounty Hunter",
  "statusTrace" : "self = <test_search_page.TestFilterCharactersByCategory object at 0x7efde3e89220>\ndriver = <selenium.webdriver.chrome.webdriver.WebDriver (session=\"84e16be515aa6479ffdcd7be1a726823\")>\ncategory_filter = ['501st', 'Attacker', 'Bad Batch', 'Bounty Hunter', 'Clone Trooper', 'Droid', ...]\n\n    def test_filter_characters_bounty_hunter(self, driver, category_filter):\n        search_page = SearchPage(driver)\n        search_page.open_page()\n        search_page.click_filters_button()\n        search_page.click_on_a_specific_filter(loc.filter_loc_Bounty_Hunter)\n>       assert search_page.check_filtered_characters_is_valid(category_filter[3]) == 1\n\ntests/test_search_page.py:35: \n_ _ _ _ _ _ _ _ _ _ _ _ _ _ _ _ _ _ _ _ _ _ _ _ _ _ _ _ _ _ _ _ _ _ _ _ _ _ _ _ \n\nself = <pages.searching_page.SearchPage object at 0x7efde3e8e420>\nfilter_name = 'Bounty Hunter'\n\n    def check_filtered_characters_is_valid(self, filter_name):\n        with allure.step(\"Проверяем, что отфильтрованные персонажи валидны\"):\n            result_of_finding = self.find_all(loc.filtered_characters_loc)\n            filtered_chars = list()\n            for i in result_of_finding:\n                filtered_chars.append(i.text)\n            result_of_searching = len(filtered_chars)\n            result_after_filtering = list(filter(lambda x: f'{filter_name}' in x, filtered_chars))\n            print(\"result_of_searching=\"f'{result_of_searching}')\n            print(\"result_after_filtering=\"f'{len(result_after_filtering)}')\n            ans = 1 if result_of_searching == len(result_after_filtering) else 0\n            if ans == 0:\n>               raise AssertionError(f'One or more characters does not have tag: {filter_name}')\nE               AssertionError: One or more characters does not have tag: Bounty Hunter\n\npages/searching_page.py:36: AssertionError",
  "flaky" : false,
  "newFailed" : false,
  "beforeStages" : [ {
    "name" : "category_filter",
    "time" : {
      "start" : 1716999781434,
      "stop" : 1716999782475,
      "duration" : 1041
    },
    "status" : "passed",
    "steps" : [ ],
    "attachments" : [ ],
    "parameters" : [ ],
    "attachmentsCount" : 0,
    "shouldDisplayMessage" : false,
    "stepsCount" : 0,
    "hasContent" : false
  }, {
    "name" : "driver",
    "time" : {
      "start" : 1716999766809,
      "stop" : 1716999767329,
      "duration" : 520
    },
    "status" : "passed",
    "steps" : [ ],
    "attachments" : [ ],
    "parameters" : [ ],
    "attachmentsCount" : 0,
    "shouldDisplayMessage" : false,
    "stepsCount" : 0,
    "hasContent" : false
  }, {
    "name" : "accept_cookies",
    "time" : {
      "start" : 1716999767329,
      "stop" : 1716999781434,
      "duration" : 14105
    },
    "status" : "passed",
    "steps" : [ ],
    "attachments" : [ ],
    "parameters" : [ ],
    "attachmentsCount" : 0,
    "shouldDisplayMessage" : false,
    "stepsCount" : 0,
    "hasContent" : false
  } ],
  "testStage" : {
    "status" : "failed",
    "statusMessage" : "AssertionError: One or more characters does not have tag: Bounty Hunter",
    "statusTrace" : "self = <test_search_page.TestFilterCharactersByCategory object at 0x7efde3e89220>\ndriver = <selenium.webdriver.chrome.webdriver.WebDriver (session=\"84e16be515aa6479ffdcd7be1a726823\")>\ncategory_filter = ['501st', 'Attacker', 'Bad Batch', 'Bounty Hunter', 'Clone Trooper', 'Droid', ...]\n\n    def test_filter_characters_bounty_hunter(self, driver, category_filter):\n        search_page = SearchPage(driver)\n        search_page.open_page()\n        search_page.click_filters_button()\n        search_page.click_on_a_specific_filter(loc.filter_loc_Bounty_Hunter)\n>       assert search_page.check_filtered_characters_is_valid(category_filter[3]) == 1\n\ntests/test_search_page.py:35: \n_ _ _ _ _ _ _ _ _ _ _ _ _ _ _ _ _ _ _ _ _ _ _ _ _ _ _ _ _ _ _ _ _ _ _ _ _ _ _ _ \n\nself = <pages.searching_page.SearchPage object at 0x7efde3e8e420>\nfilter_name = 'Bounty Hunter'\n\n    def check_filtered_characters_is_valid(self, filter_name):\n        with allure.step(\"Проверяем, что отфильтрованные персонажи валидны\"):\n            result_of_finding = self.find_all(loc.filtered_characters_loc)\n            filtered_chars = list()\n            for i in result_of_finding:\n                filtered_chars.append(i.text)\n            result_of_searching = len(filtered_chars)\n            result_after_filtering = list(filter(lambda x: f'{filter_name}' in x, filtered_chars))\n            print(\"result_of_searching=\"f'{result_of_searching}')\n            print(\"result_after_filtering=\"f'{len(result_after_filtering)}')\n            ans = 1 if result_of_searching == len(result_after_filtering) else 0\n            if ans == 0:\n>               raise AssertionError(f'One or more characters does not have tag: {filter_name}')\nE               AssertionError: One or more characters does not have tag: Bounty Hunter\n\npages/searching_page.py:36: AssertionError",
    "steps" : [ {
      "name" : "Open Page",
      "time" : {
        "start" : 1716999789116,
        "stop" : 1716999789809,
        "duration" : 693
      },
      "status" : "passed",
      "steps" : [ ],
      "attachments" : [ ],
      "parameters" : [ ],
      "attachmentsCount" : 0,
      "shouldDisplayMessage" : false,
      "stepsCount" : 0,
      "hasContent" : false
    }, {
      "name" : "Кликаем на кнопку выбора фильтров",
      "time" : {
        "start" : 1716999789809,
        "stop" : 1716999789894,
        "duration" : 85
      },
      "status" : "passed",
      "steps" : [ ],
      "attachments" : [ ],
      "parameters" : [ ],
      "attachmentsCount" : 0,
      "shouldDisplayMessage" : false,
      "stepsCount" : 0,
      "hasContent" : false
    }, {
      "name" : "Выбираем фильтр 'Bounty Hunter'",
      "time" : {
        "start" : 1716999789894,
        "stop" : 1716999790318,
        "duration" : 424
      },
      "status" : "passed",
      "steps" : [ ],
      "attachments" : [ ],
      "parameters" : [ ],
      "attachmentsCount" : 0,
      "shouldDisplayMessage" : false,
      "stepsCount" : 0,
      "hasContent" : false
    }, {
      "name" : "Проверяем, что отфильтрованные персонажи валидны",
      "time" : {
        "start" : 1716999790318,
        "stop" : 1716999791022,
        "duration" : 704
      },
      "status" : "failed",
      "statusMessage" : "AssertionError: One or more characters does not have tag: Bounty Hunter\n",
      "statusTrace" : "  File \"/swgoh_test_project/pages/searching_page.py\", line 36, in check_filtered_characters_is_valid\n    raise AssertionError(f'One or more characters does not have tag: {filter_name}')\n",
      "steps" : [ ],
      "attachments" : [ ],
      "parameters" : [ ],
      "attachmentsCount" : 0,
      "shouldDisplayMessage" : true,
      "stepsCount" : 0,
      "hasContent" : true
    } ],
    "attachments" : [ {
      "uid" : "c493ff26d47e2186",
      "name" : "stdout",
      "source" : "c493ff26d47e2186.txt",
      "type" : "text/plain",
      "size" : 49
    } ],
    "parameters" : [ ],
    "attachmentsCount" : 1,
    "shouldDisplayMessage" : true,
    "stepsCount" : 4,
    "hasContent" : true
  },
  "afterStages" : [ {
    "name" : "driver::0",
    "time" : {
      "start" : 1716999855310,
      "stop" : 1716999855427,
      "duration" : 117
    },
    "status" : "passed",
    "steps" : [ ],
    "attachments" : [ ],
    "parameters" : [ ],
    "attachmentsCount" : 0,
    "shouldDisplayMessage" : false,
    "stepsCount" : 0,
    "hasContent" : false
  }, {
    "name" : "accept_cookies::0",
    "time" : {
      "start" : 1716999855309,
      "stop" : 1716999855309,
      "duration" : 0
    },
    "status" : "passed",
    "steps" : [ ],
    "attachments" : [ ],
    "parameters" : [ ],
    "attachmentsCount" : 0,
    "shouldDisplayMessage" : false,
    "stepsCount" : 0,
    "hasContent" : false
  } ],
  "labels" : [ {
    "name" : "story",
    "value" : "Filtering by category"
  }, {
    "name" : "feature",
    "value" : "Filtering Characters"
  }, {
    "name" : "parentSuite",
    "value" : "tests"
  }, {
    "name" : "suite",
    "value" : "test_search_page"
  }, {
    "name" : "subSuite",
    "value" : "TestFilterCharactersByCategory"
  }, {
    "name" : "host",
    "value" : "9513b129028f"
  }, {
    "name" : "thread",
    "value" : "1-MainThread"
  }, {
    "name" : "framework",
    "value" : "pytest"
  }, {
    "name" : "language",
    "value" : "cpython3"
  }, {
    "name" : "package",
    "value" : "tests.test_search_page"
  }, {
    "name" : "resultFormat",
    "value" : "allure2"
  } ],
  "parameters" : [ ],
  "links" : [ ],
  "hidden" : false,
  "retry" : false,
  "extra" : {
    "severity" : "normal",
    "retries" : [ ],
    "categories" : [ {
      "name" : "Product defects",
      "matchedStatuses" : [ ],
      "flaky" : false
    } ],
    "history" : {
      "statistic" : {
        "failed" : 3,
        "broken" : 0,
        "skipped" : 0,
        "passed" : 0,
        "unknown" : 0,
        "total" : 3
      },
      "items" : [ {
        "uid" : "c91456d4d489bbad",
        "status" : "failed",
        "statusDetails" : "AssertionError: One or more characters does not have tag: Bounty Hunter",
        "time" : {
          "start" : 1716028085882,
          "stop" : 1716028087454,
          "duration" : 1572
        }
      }, {
        "uid" : "47065f9d355e6417",
        "status" : "failed",
        "statusDetails" : "AssertionError: One or more characters does not have tag: Bounty Hunter",
        "time" : {
          "start" : 1715533489239,
          "stop" : 1715533491117,
          "duration" : 1878
        }
      } ]
    },
    "tags" : [ ]
  },
  "source" : "e7a851964e14e5f5.json",
  "parameterValues" : [ ]
}