{
  "uid" : "ebd5c5fcf6647dc8",
  "name" : "test_filter_characters_vulnerable",
  "fullName" : "tests.test_search_page.TestFilterCharactersByAbilityClasses#test_filter_characters_vulnerable",
  "historyId" : "e2e61f8e7b07f6b4aeb7b89e9ef7c067",
  "time" : {
    "start" : 1723356325559,
    "stop" : 1723356325559,
    "duration" : 0
  },
  "status" : "skipped",
  "statusMessage" : "Skipped: Tests not ready yet",
  "statusTrace" : "('/swgoh_test_project/tests/test_search_page.py', 996, 'Skipped: Tests not ready yet')",
  "flaky" : false,
  "newFailed" : false,
  "beforeStages" : [ ],
  "afterStages" : [ ],
  "labels" : [ {
    "name" : "feature",
    "value" : "Filtering Characters"
  }, {
    "name" : "story",
    "value" : "Filtering by Ability Classes"
  }, {
    "name" : "tag",
    "value" : "@pytest.mark.skip(reason='Tests not ready yet')"
  }, {
    "name" : "parentSuite",
    "value" : "tests"
  }, {
    "name" : "suite",
    "value" : "test_search_page"
  }, {
    "name" : "subSuite",
    "value" : "TestFilterCharactersByAbilityClasses"
  }, {
    "name" : "host",
    "value" : "8c5436b0663d"
  }, {
    "name" : "thread",
    "value" : "1-MainThread"
  }, {
    "name" : "framework",
    "value" : "pytest"
  }, {
    "name" : "language",
    "value" : "cpython3"
  }, {
    "name" : "package",
    "value" : "tests.test_search_page"
  }, {
    "name" : "resultFormat",
    "value" : "allure2"
  } ],
  "parameters" : [ ],
  "links" : [ ],
  "hidden" : false,
  "retry" : false,
  "extra" : {
    "severity" : "normal",
    "retries" : [ ],
    "categories" : [ ],
    "history" : {
      "statistic" : {
        "failed" : 0,
        "broken" : 3,
        "skipped" : 4,
        "passed" : 1,
        "unknown" : 0,
        "total" : 8
      },
      "items" : [ {
        "uid" : "3281d395860892ef",
        "status" : "skipped",
        "statusDetails" : "Skipped: Tests not ready yet",
        "time" : {
          "start" : 1723298546679,
          "stop" : 1723298546679,
          "duration" : 0
        }
      }, {
        "uid" : "23f7784b1b15636",
        "status" : "skipped",
        "statusDetails" : "Skipped: Tests not ready yet",
        "time" : {
          "start" : 1723223735489,
          "stop" : 1723223735489,
          "duration" : 0
        }
      }, {
        "uid" : "1e35c719c5fdd792",
        "status" : "skipped",
        "statusDetails" : "Skipped: Tests not ready yet",
        "time" : {
          "start" : 1723045683470,
          "stop" : 1723045683470,
          "duration" : 0
        }
      }, {
        "uid" : "173190a83e93c79c",
        "status" : "broken",
        "statusDetails" : "selenium.common.exceptions.NoSuchElementException: Message: no such element: Unable to locate element: {\"method\":\"css selector\",\"selector\":\"[id=\"cmpwrapper\"]\"}\n  (Session info: headless chrome=112.0.5615.165); For documentation on this error, please visit: https://www.selenium.dev/documentation/webdriver/troubleshooting/errors#no-such-element-exception",
        "time" : {
          "start" : 1722959617711,
          "stop" : 1722959635079,
          "duration" : 17368
        }
      }, {
        "uid" : "2c7efd5833af98f4",
        "status" : "passed",
        "time" : {
          "start" : 1722883114061,
          "stop" : 1722883161426,
          "duration" : 47365
        }
      }, {
        "uid" : "4abf07967a1e48dc",
        "status" : "broken",
        "statusDetails" : "selenium.common.exceptions.WebDriverException: Message: unknown error: cannot determine loading status\nfrom unknown error: cannot determine loading status\nfrom no such window\n  (Session info: headless chrome=112.0.5615.165)",
        "time" : {
          "start" : 1722841272752,
          "stop" : 1722841290846,
          "duration" : 18094
        }
      }, {
        "uid" : "54a7dd25ac48bdc0",
        "status" : "broken",
        "statusDetails" : "selenium.common.exceptions.WebDriverException: Message: unknown error: cannot determine loading status\nfrom no such window\n  (Session info: headless chrome=112.0.5615.165)",
        "time" : {
          "start" : 1722537843012,
          "stop" : 1722537865717,
          "duration" : 22705
        }
      } ]
    },
    "tags" : [ "@pytest.mark.skip(reason='Tests not ready yet')" ]
  },
  "source" : "ebd5c5fcf6647dc8.json",
  "parameterValues" : [ ]
}