{
  "uid" : "f2b662c7e692bfbb",
  "name" : "test_filter_characters_rebel",
  "fullName" : "tests.test_search_page.TestFilterCharactersByCategory#test_filter_characters_rebel",
  "historyId" : "bf802dfd4452606713c174d2f357c203",
  "time" : {
    "start" : 1716028123216,
    "stop" : 1716028125228,
    "duration" : 2012
  },
  "status" : "failed",
  "statusMessage" : "AssertionError: One or more characters does not have tag: Rebel",
  "statusTrace" : "self = <test_search_page.TestFilterCharactersByCategory object at 0x7f1c0d089520>\ndriver = <selenium.webdriver.chrome.webdriver.WebDriver (session=\"fcf43a5ad8cc874ae9ffc9414dc9ca64\")>\ncategory_filter = ['501st', 'Attacker', 'Bad Batch', 'Bounty Hunter', 'Clone Trooper', 'Droid', ...]\n\n    def test_filter_characters_rebel(self, driver, category_filter):\n        search_page = SearchPage(driver)\n        search_page.open_page()\n        search_page.click_filters_button()\n        search_page.click_on_a_specific_filter(loc.filter_loc_Rebel)\n>       assert search_page.check_filtered_characters_is_valid(category_filter[26]) == 1\n\ntests/test_search_page.py:196: \n_ _ _ _ _ _ _ _ _ _ _ _ _ _ _ _ _ _ _ _ _ _ _ _ _ _ _ _ _ _ _ _ _ _ _ _ _ _ _ _ \n\nself = <pages.searching_page.SearchPage object at 0x7f1c0d823da0>\nfilter_name = 'Rebel'\n\n    def check_filtered_characters_is_valid(self, filter_name):\n        with allure.step(\"Проверяем, что отфильтрованные персонажи валидны\"):\n            result_of_finding = self.find_all(loc.filtered_characters_loc)\n            filtered_chars = list()\n            for i in result_of_finding:\n                filtered_chars.append(i.text)\n            result_of_searching = len(filtered_chars)\n            result_after_filtering = list(filter(lambda x: f'{filter_name}' in x, filtered_chars))\n            print(\"result_of_searching=\"f'{result_of_searching}')\n            print(\"result_after_filtering=\"f'{len(result_after_filtering)}')\n            ans = 1 if result_of_searching == len(result_after_filtering) else 0\n            if ans == 0:\n>               raise AssertionError(f'One or more characters does not have tag: {filter_name}')\nE               AssertionError: One or more characters does not have tag: Rebel\n\npages/searching_page.py:36: AssertionError",
  "flaky" : false,
  "newFailed" : false,
  "beforeStages" : [ {
    "name" : "driver",
    "time" : {
      "start" : 1716028065686,
      "stop" : 1716028066203,
      "duration" : 517
    },
    "status" : "passed",
    "steps" : [ ],
    "attachments" : [ ],
    "parameters" : [ ],
    "attachmentsCount" : 0,
    "shouldDisplayMessage" : false,
    "hasContent" : false,
    "stepsCount" : 0
  }, {
    "name" : "category_filter",
    "time" : {
      "start" : 1716028077666,
      "stop" : 1716028078775,
      "duration" : 1109
    },
    "status" : "passed",
    "steps" : [ ],
    "attachments" : [ ],
    "parameters" : [ ],
    "attachmentsCount" : 0,
    "shouldDisplayMessage" : false,
    "hasContent" : false,
    "stepsCount" : 0
  }, {
    "name" : "accept_cookies",
    "time" : {
      "start" : 1716028066203,
      "stop" : 1716028077666,
      "duration" : 11463
    },
    "status" : "passed",
    "steps" : [ ],
    "attachments" : [ ],
    "parameters" : [ ],
    "attachmentsCount" : 0,
    "shouldDisplayMessage" : false,
    "hasContent" : false,
    "stepsCount" : 0
  } ],
  "testStage" : {
    "status" : "failed",
    "statusMessage" : "AssertionError: One or more characters does not have tag: Rebel",
    "statusTrace" : "self = <test_search_page.TestFilterCharactersByCategory object at 0x7f1c0d089520>\ndriver = <selenium.webdriver.chrome.webdriver.WebDriver (session=\"fcf43a5ad8cc874ae9ffc9414dc9ca64\")>\ncategory_filter = ['501st', 'Attacker', 'Bad Batch', 'Bounty Hunter', 'Clone Trooper', 'Droid', ...]\n\n    def test_filter_characters_rebel(self, driver, category_filter):\n        search_page = SearchPage(driver)\n        search_page.open_page()\n        search_page.click_filters_button()\n        search_page.click_on_a_specific_filter(loc.filter_loc_Rebel)\n>       assert search_page.check_filtered_characters_is_valid(category_filter[26]) == 1\n\ntests/test_search_page.py:196: \n_ _ _ _ _ _ _ _ _ _ _ _ _ _ _ _ _ _ _ _ _ _ _ _ _ _ _ _ _ _ _ _ _ _ _ _ _ _ _ _ \n\nself = <pages.searching_page.SearchPage object at 0x7f1c0d823da0>\nfilter_name = 'Rebel'\n\n    def check_filtered_characters_is_valid(self, filter_name):\n        with allure.step(\"Проверяем, что отфильтрованные персонажи валидны\"):\n            result_of_finding = self.find_all(loc.filtered_characters_loc)\n            filtered_chars = list()\n            for i in result_of_finding:\n                filtered_chars.append(i.text)\n            result_of_searching = len(filtered_chars)\n            result_after_filtering = list(filter(lambda x: f'{filter_name}' in x, filtered_chars))\n            print(\"result_of_searching=\"f'{result_of_searching}')\n            print(\"result_after_filtering=\"f'{len(result_after_filtering)}')\n            ans = 1 if result_of_searching == len(result_after_filtering) else 0\n            if ans == 0:\n>               raise AssertionError(f'One or more characters does not have tag: {filter_name}')\nE               AssertionError: One or more characters does not have tag: Rebel\n\npages/searching_page.py:36: AssertionError",
    "steps" : [ {
      "name" : "Open Page",
      "time" : {
        "start" : 1716028123216,
        "stop" : 1716028123812,
        "duration" : 596
      },
      "status" : "passed",
      "steps" : [ ],
      "attachments" : [ ],
      "parameters" : [ ],
      "attachmentsCount" : 0,
      "shouldDisplayMessage" : false,
      "hasContent" : false,
      "stepsCount" : 0
    }, {
      "name" : "Кликаем на кнопку выбора фильтров",
      "time" : {
        "start" : 1716028123812,
        "stop" : 1716028123882,
        "duration" : 70
      },
      "status" : "passed",
      "steps" : [ ],
      "attachments" : [ ],
      "parameters" : [ ],
      "attachmentsCount" : 0,
      "shouldDisplayMessage" : false,
      "hasContent" : false,
      "stepsCount" : 0
    }, {
      "name" : "Выбираем фильтр 'Rebel'",
      "time" : {
        "start" : 1716028123882,
        "stop" : 1716028124269,
        "duration" : 387
      },
      "status" : "passed",
      "steps" : [ ],
      "attachments" : [ ],
      "parameters" : [ ],
      "attachmentsCount" : 0,
      "shouldDisplayMessage" : false,
      "hasContent" : false,
      "stepsCount" : 0
    }, {
      "name" : "Проверяем, что отфильтрованные персонажи валидны",
      "time" : {
        "start" : 1716028124269,
        "stop" : 1716028125227,
        "duration" : 958
      },
      "status" : "failed",
      "statusMessage" : "AssertionError: One or more characters does not have tag: Rebel\n",
      "statusTrace" : "  File \"/swgoh_test_project/pages/searching_page.py\", line 36, in check_filtered_characters_is_valid\n    raise AssertionError(f'One or more characters does not have tag: {filter_name}')\n",
      "steps" : [ ],
      "attachments" : [ ],
      "parameters" : [ ],
      "attachmentsCount" : 0,
      "shouldDisplayMessage" : true,
      "hasContent" : true,
      "stepsCount" : 0
    } ],
    "attachments" : [ {
      "uid" : "8f6c472b32594054",
      "name" : "stdout",
      "source" : "8f6c472b32594054.txt",
      "type" : "text/plain",
      "size" : 49
    } ],
    "parameters" : [ ],
    "attachmentsCount" : 1,
    "shouldDisplayMessage" : true,
    "hasContent" : true,
    "stepsCount" : 4
  },
  "afterStages" : [ {
    "name" : "driver::0",
    "time" : {
      "start" : 1716028149048,
      "stop" : 1716028149171,
      "duration" : 123
    },
    "status" : "passed",
    "steps" : [ ],
    "attachments" : [ ],
    "parameters" : [ ],
    "attachmentsCount" : 0,
    "shouldDisplayMessage" : false,
    "hasContent" : false,
    "stepsCount" : 0
  }, {
    "name" : "accept_cookies::0",
    "time" : {
      "start" : 1716028149047,
      "stop" : 1716028149047,
      "duration" : 0
    },
    "status" : "passed",
    "steps" : [ ],
    "attachments" : [ ],
    "parameters" : [ ],
    "attachmentsCount" : 0,
    "shouldDisplayMessage" : false,
    "hasContent" : false,
    "stepsCount" : 0
  } ],
  "labels" : [ {
    "name" : "story",
    "value" : "Filtering by category"
  }, {
    "name" : "feature",
    "value" : "Filtering Characters"
  }, {
    "name" : "parentSuite",
    "value" : "tests"
  }, {
    "name" : "suite",
    "value" : "test_search_page"
  }, {
    "name" : "subSuite",
    "value" : "TestFilterCharactersByCategory"
  }, {
    "name" : "host",
    "value" : "99845c1c39dc"
  }, {
    "name" : "thread",
    "value" : "1-MainThread"
  }, {
    "name" : "framework",
    "value" : "pytest"
  }, {
    "name" : "language",
    "value" : "cpython3"
  }, {
    "name" : "package",
    "value" : "tests.test_search_page"
  }, {
    "name" : "resultFormat",
    "value" : "allure2"
  } ],
  "parameters" : [ ],
  "links" : [ ],
  "hidden" : false,
  "retry" : false,
  "extra" : {
    "severity" : "normal",
    "retries" : [ ],
    "categories" : [ {
      "name" : "Product defects",
      "matchedStatuses" : [ ],
      "flaky" : false
    } ],
    "history" : {
      "statistic" : {
        "failed" : 2,
        "broken" : 0,
        "skipped" : 0,
        "passed" : 0,
        "unknown" : 0,
        "total" : 2
      },
      "items" : [ {
        "uid" : "db0ae3e7f8695368",
        "status" : "failed",
        "statusDetails" : "AssertionError: One or more characters does not have tag: Rebel",
        "time" : {
          "start" : 1715533528500,
          "stop" : 1715533531185,
          "duration" : 2685
        }
      } ]
    },
    "tags" : [ ]
  },
  "source" : "f2b662c7e692bfbb.json",
  "parameterValues" : [ ]
}